[20/Feb/2015 15:37:08] DEBUG [django.db.backends:91] (0.010) 
            SELECT c.relname
            FROM pg_catalog.pg_class c
            LEFT JOIN pg_catalog.pg_namespace n ON n.oid = c.relnamespace
            WHERE c.relkind IN ('r', 'v', '')
                AND n.nspname NOT IN ('pg_catalog', 'pg_toast')
                AND pg_catalog.pg_table_is_visible(c.oid); args=None
[20/Feb/2015 15:37:08] DEBUG [django.db.backends:91] (0.002) SELECT "django_migrations"."app", "django_migrations"."name" FROM "django_migrations"; args=()
[20/Feb/2015 15:37:46] DEBUG [repo:68] this is a debug message!
[20/Feb/2015 15:38:08] DEBUG [django.db.backends:91] (0.004) INSERT INTO "molecule_file" ("molecule_file") VALUES ('molecule_file/2015/02/20/structures_10_UV1yflq.sdf') RETURNING "molecule_file"."id"; args=(u'molecule_file/2015/02/20/structures_10_UV1yflq.sdf',)
[20/Feb/2015 15:38:08] DEBUG [repo:15] TESTING LOGGING FROM CELERY
[20/Feb/2015 15:39:38] DEBUG [django.db.backends:91] (0.011) 
            SELECT c.relname
            FROM pg_catalog.pg_class c
            LEFT JOIN pg_catalog.pg_namespace n ON n.oid = c.relnamespace
            WHERE c.relkind IN ('r', 'v', '')
                AND n.nspname NOT IN ('pg_catalog', 'pg_toast')
                AND pg_catalog.pg_table_is_visible(c.oid); args=None
[20/Feb/2015 15:39:38] DEBUG [django.db.backends:91] (0.001) SELECT "django_migrations"."app", "django_migrations"."name" FROM "django_migrations"; args=()
[20/Feb/2015 15:39:49] DEBUG [django.db.backends:91] (0.010) 
            SELECT c.relname
            FROM pg_catalog.pg_class c
            LEFT JOIN pg_catalog.pg_namespace n ON n.oid = c.relnamespace
            WHERE c.relkind IN ('r', 'v', '')
                AND n.nspname NOT IN ('pg_catalog', 'pg_toast')
                AND pg_catalog.pg_table_is_visible(c.oid); args=None
[20/Feb/2015 15:39:49] DEBUG [django.db.backends:91] (0.004) SELECT "django_migrations"."app", "django_migrations"."name" FROM "django_migrations"; args=()
[20/Feb/2015 15:39:50] DEBUG [django.db.backends:91] (0.011) 
            SELECT c.relname
            FROM pg_catalog.pg_class c
            LEFT JOIN pg_catalog.pg_namespace n ON n.oid = c.relnamespace
            WHERE c.relkind IN ('r', 'v', '')
                AND n.nspname NOT IN ('pg_catalog', 'pg_toast')
                AND pg_catalog.pg_table_is_visible(c.oid); args=None
[20/Feb/2015 15:39:50] DEBUG [django.db.backends:91] (0.002) SELECT "django_migrations"."app", "django_migrations"."name" FROM "django_migrations"; args=()
[20/Feb/2015 15:39:50] DEBUG [django.db.backends:91] (0.023) 
            SELECT c.relname
            FROM pg_catalog.pg_class c
            LEFT JOIN pg_catalog.pg_namespace n ON n.oid = c.relnamespace
            WHERE c.relkind IN ('r', 'v', '')
                AND n.nspname NOT IN ('pg_catalog', 'pg_toast')
                AND pg_catalog.pg_table_is_visible(c.oid); args=None
[20/Feb/2015 15:39:50] DEBUG [django.db.backends:91] (0.002) SELECT "django_migrations"."app", "django_migrations"."name" FROM "django_migrations"; args=()
[20/Feb/2015 15:39:51] DEBUG [django.db.backends:91] (0.009) 
            SELECT c.relname
            FROM pg_catalog.pg_class c
            LEFT JOIN pg_catalog.pg_namespace n ON n.oid = c.relnamespace
            WHERE c.relkind IN ('r', 'v', '')
                AND n.nspname NOT IN ('pg_catalog', 'pg_toast')
                AND pg_catalog.pg_table_is_visible(c.oid); args=None
[20/Feb/2015 15:39:51] DEBUG [django.db.backends:91] (0.001) SELECT "django_migrations"."app", "django_migrations"."name" FROM "django_migrations"; args=()
[20/Feb/2015 15:39:58] DEBUG [django.db.backends:91] (0.010) 
            SELECT c.relname
            FROM pg_catalog.pg_class c
            LEFT JOIN pg_catalog.pg_namespace n ON n.oid = c.relnamespace
            WHERE c.relkind IN ('r', 'v', '')
                AND n.nspname NOT IN ('pg_catalog', 'pg_toast')
                AND pg_catalog.pg_table_is_visible(c.oid); args=None
[20/Feb/2015 15:39:58] DEBUG [django.db.backends:91] (0.001) SELECT "django_migrations"."app", "django_migrations"."name" FROM "django_migrations"; args=()
[20/Feb/2015 15:40:13] DEBUG [repo:68] this is a debug message!
[20/Feb/2015 15:40:36] DEBUG [django.db.backends:91] (0.004) INSERT INTO "molecule_file" ("molecule_file") VALUES ('molecule_file/2015/02/20/structures_10_CPw5qZY.sdf') RETURNING "molecule_file"."id"; args=(u'molecule_file/2015/02/20/structures_10_CPw5qZY.sdf',)
[20/Feb/2015 15:40:36] DEBUG [repo:15] TESTING LOGGING FROM CELERY
[20/Feb/2015 15:41:05] DEBUG [repo:19] None
[20/Feb/2015 15:41:05] DEBUG [repo:20] /private/tmp/Rserv/conn23319
[20/Feb/2015 16:11:27] DEBUG [django.db.backends.schema:94] CREATE TABLE "django_migrations" ("id" serial NOT NULL PRIMARY KEY, "app" varchar(255) NOT NULL, "name" varchar(255) NOT NULL, "applied" timestamp with time zone NOT NULL); (params [])
[20/Feb/2015 16:11:28] DEBUG [django.db.backends.schema:94] CREATE TABLE "django_content_type" ("id" serial NOT NULL PRIMARY KEY, "name" varchar(100) NOT NULL, "app_label" varchar(100) NOT NULL, "model" varchar(100) NOT NULL); (params [])
[20/Feb/2015 16:11:28] DEBUG [django.db.backends.schema:94] ALTER TABLE "django_content_type" ADD CONSTRAINT "django_content_type_app_label_45f3b1d93ec8c61c_uniq" UNIQUE ("app_label", "model"); (params [])
[20/Feb/2015 16:11:28] DEBUG [django.db.backends.schema:94] CREATE TABLE "auth_permission" ("id" serial NOT NULL PRIMARY KEY, "name" varchar(50) NOT NULL, "content_type_id" integer NOT NULL, "codename" varchar(100) NOT NULL, UNIQUE ("content_type_id", "codename")); (params [])
[20/Feb/2015 16:11:28] DEBUG [django.db.backends.schema:94] CREATE TABLE "auth_group" ("id" serial NOT NULL PRIMARY KEY, "name" varchar(80) NOT NULL UNIQUE); (params [])
[20/Feb/2015 16:11:28] DEBUG [django.db.backends.schema:94] CREATE TABLE "auth_group_permissions" ("id" serial NOT NULL PRIMARY KEY, "group_id" integer NOT NULL, "permission_id" integer NOT NULL, UNIQUE ("group_id", "permission_id")); (params [])
[20/Feb/2015 16:11:28] DEBUG [django.db.backends.schema:94] CREATE TABLE "auth_user" ("id" serial NOT NULL PRIMARY KEY, "password" varchar(128) NOT NULL, "last_login" timestamp with time zone NOT NULL, "is_superuser" boolean NOT NULL, "username" varchar(30) NOT NULL UNIQUE, "first_name" varchar(30) NOT NULL, "last_name" varchar(30) NOT NULL, "email" varchar(75) NOT NULL, "is_staff" boolean NOT NULL, "is_active" boolean NOT NULL, "date_joined" timestamp with time zone NOT NULL); (params [])
[20/Feb/2015 16:11:28] DEBUG [django.db.backends.schema:94] CREATE TABLE "auth_user_groups" ("id" serial NOT NULL PRIMARY KEY, "user_id" integer NOT NULL, "group_id" integer NOT NULL, UNIQUE ("user_id", "group_id")); (params [])
[20/Feb/2015 16:11:28] DEBUG [django.db.backends.schema:94] CREATE TABLE "auth_user_user_permissions" ("id" serial NOT NULL PRIMARY KEY, "user_id" integer NOT NULL, "permission_id" integer NOT NULL, UNIQUE ("user_id", "permission_id")); (params [])
[20/Feb/2015 16:11:28] DEBUG [django.db.backends.schema:94] CREATE INDEX auth_permission_417f1b1c ON "auth_permission" ("content_type_id"); (params [])
[20/Feb/2015 16:11:28] DEBUG [django.db.backends.schema:94] ALTER TABLE "auth_permission" ADD CONSTRAINT "auth_content_type_id_508cf46651277a81_fk_django_content_type_id" FOREIGN KEY ("content_type_id") REFERENCES "django_content_type" ("id") DEFERRABLE INITIALLY DEFERRED; (params [])
[20/Feb/2015 16:11:28] DEBUG [django.db.backends.schema:94] CREATE INDEX auth_group_permissions_0e939a4f ON "auth_group_permissions" ("group_id"); (params [])
[20/Feb/2015 16:11:28] DEBUG [django.db.backends.schema:94] ALTER TABLE "auth_group_permissions" ADD CONSTRAINT "auth_group_permissio_group_id_689710a9a73b7457_fk_auth_group_id" FOREIGN KEY ("group_id") REFERENCES "auth_group" ("id") DEFERRABLE INITIALLY DEFERRED; (params [])
[20/Feb/2015 16:11:28] DEBUG [django.db.backends.schema:94] CREATE INDEX auth_group_permissions_8373b171 ON "auth_group_permissions" ("permission_id"); (params [])
[20/Feb/2015 16:11:28] DEBUG [django.db.backends.schema:94] ALTER TABLE "auth_group_permissions" ADD CONSTRAINT "auth_group_permission_id_1f49ccbbdc69d2fc_fk_auth_permission_id" FOREIGN KEY ("permission_id") REFERENCES "auth_permission" ("id") DEFERRABLE INITIALLY DEFERRED; (params [])
[20/Feb/2015 16:11:28] DEBUG [django.db.backends.schema:94] CREATE INDEX auth_user_groups_e8701ad4 ON "auth_user_groups" ("user_id"); (params [])
[20/Feb/2015 16:11:28] DEBUG [django.db.backends.schema:94] ALTER TABLE "auth_user_groups" ADD CONSTRAINT "auth_user_groups_user_id_4b5ed4ffdb8fd9b0_fk_auth_user_id" FOREIGN KEY ("user_id") REFERENCES "auth_user" ("id") DEFERRABLE INITIALLY DEFERRED; (params [])
[20/Feb/2015 16:11:28] DEBUG [django.db.backends.schema:94] CREATE INDEX auth_user_groups_0e939a4f ON "auth_user_groups" ("group_id"); (params [])
[20/Feb/2015 16:11:28] DEBUG [django.db.backends.schema:94] ALTER TABLE "auth_user_groups" ADD CONSTRAINT "auth_user_groups_group_id_33ac548dcf5f8e37_fk_auth_group_id" FOREIGN KEY ("group_id") REFERENCES "auth_group" ("id") DEFERRABLE INITIALLY DEFERRED; (params [])
[20/Feb/2015 16:11:28] DEBUG [django.db.backends.schema:94] CREATE INDEX auth_user_user_permissions_e8701ad4 ON "auth_user_user_permissions" ("user_id"); (params [])
[20/Feb/2015 16:11:28] DEBUG [django.db.backends.schema:94] ALTER TABLE "auth_user_user_permissions" ADD CONSTRAINT "auth_user_user_permiss_user_id_7f0938558328534a_fk_auth_user_id" FOREIGN KEY ("user_id") REFERENCES "auth_user" ("id") DEFERRABLE INITIALLY DEFERRED; (params [])
[20/Feb/2015 16:11:28] DEBUG [django.db.backends.schema:94] CREATE INDEX auth_user_user_permissions_8373b171 ON "auth_user_user_permissions" ("permission_id"); (params [])
[20/Feb/2015 16:11:28] DEBUG [django.db.backends.schema:94] ALTER TABLE "auth_user_user_permissions" ADD CONSTRAINT "auth_user__permission_id_384b62483d7071f0_fk_auth_permission_id" FOREIGN KEY ("permission_id") REFERENCES "auth_permission" ("id") DEFERRABLE INITIALLY DEFERRED; (params [])
[20/Feb/2015 16:11:28] DEBUG [django.db.backends.schema:94] CREATE TABLE "django_admin_log" ("id" serial NOT NULL PRIMARY KEY, "action_time" timestamp with time zone NOT NULL, "object_id" text NULL, "object_repr" varchar(200) NOT NULL, "action_flag" smallint NOT NULL CHECK ("action_flag" >= 0), "change_message" text NOT NULL, "content_type_id" integer NULL, "user_id" integer NOT NULL); (params [])
[20/Feb/2015 16:11:28] DEBUG [django.db.backends.schema:94] CREATE INDEX django_admin_log_417f1b1c ON "django_admin_log" ("content_type_id"); (params [])
[20/Feb/2015 16:11:28] DEBUG [django.db.backends.schema:94] ALTER TABLE "django_admin_log" ADD CONSTRAINT "djan_content_type_id_697914295151027a_fk_django_content_type_id" FOREIGN KEY ("content_type_id") REFERENCES "django_content_type" ("id") DEFERRABLE INITIALLY DEFERRED; (params [])
[20/Feb/2015 16:11:28] DEBUG [django.db.backends.schema:94] CREATE INDEX django_admin_log_e8701ad4 ON "django_admin_log" ("user_id"); (params [])
[20/Feb/2015 16:11:28] DEBUG [django.db.backends.schema:94] ALTER TABLE "django_admin_log" ADD CONSTRAINT "django_admin_log_user_id_52fdd58701c5f563_fk_auth_user_id" FOREIGN KEY ("user_id") REFERENCES "auth_user" ("id") DEFERRABLE INITIALLY DEFERRED; (params [])
[20/Feb/2015 16:11:28] DEBUG [django.db.backends.schema:94] CREATE TABLE "django_session" ("session_key" varchar(40) NOT NULL PRIMARY KEY, "session_data" text NOT NULL, "expire_date" timestamp with time zone NOT NULL); (params [])
[20/Feb/2015 16:11:28] DEBUG [django.db.backends.schema:94] CREATE INDEX django_session_de54fa62 ON "django_session" ("expire_date"); (params [])
[20/Feb/2015 16:11:28] DEBUG [django.db.backends.schema:94] CREATE TABLE "django_site" ("id" serial NOT NULL PRIMARY KEY, "domain" varchar(100) NOT NULL, "name" varchar(50) NOT NULL); (params [])
[20/Feb/2015 16:12:18] DEBUG [django.db.backends.schema:94] CREATE TABLE "django_migrations" ("id" serial NOT NULL PRIMARY KEY, "app" varchar(255) NOT NULL, "name" varchar(255) NOT NULL, "applied" timestamp with time zone NOT NULL); (params [])
[20/Feb/2015 16:12:19] DEBUG [django.db.backends.schema:94] CREATE TABLE "django_content_type" ("id" serial NOT NULL PRIMARY KEY, "name" varchar(100) NOT NULL, "app_label" varchar(100) NOT NULL, "model" varchar(100) NOT NULL); (params [])
[20/Feb/2015 16:12:19] DEBUG [django.db.backends.schema:94] ALTER TABLE "django_content_type" ADD CONSTRAINT "django_content_type_app_label_45f3b1d93ec8c61c_uniq" UNIQUE ("app_label", "model"); (params [])
[20/Feb/2015 16:12:19] DEBUG [django.db.backends.schema:94] CREATE TABLE "auth_permission" ("id" serial NOT NULL PRIMARY KEY, "name" varchar(50) NOT NULL, "content_type_id" integer NOT NULL, "codename" varchar(100) NOT NULL, UNIQUE ("content_type_id", "codename")); (params [])
[20/Feb/2015 16:12:19] DEBUG [django.db.backends.schema:94] CREATE TABLE "auth_group" ("id" serial NOT NULL PRIMARY KEY, "name" varchar(80) NOT NULL UNIQUE); (params [])
[20/Feb/2015 16:12:19] DEBUG [django.db.backends.schema:94] CREATE TABLE "auth_group_permissions" ("id" serial NOT NULL PRIMARY KEY, "group_id" integer NOT NULL, "permission_id" integer NOT NULL, UNIQUE ("group_id", "permission_id")); (params [])
[20/Feb/2015 16:12:19] DEBUG [django.db.backends.schema:94] CREATE TABLE "auth_user" ("id" serial NOT NULL PRIMARY KEY, "password" varchar(128) NOT NULL, "last_login" timestamp with time zone NOT NULL, "is_superuser" boolean NOT NULL, "username" varchar(30) NOT NULL UNIQUE, "first_name" varchar(30) NOT NULL, "last_name" varchar(30) NOT NULL, "email" varchar(75) NOT NULL, "is_staff" boolean NOT NULL, "is_active" boolean NOT NULL, "date_joined" timestamp with time zone NOT NULL); (params [])
[20/Feb/2015 16:12:19] DEBUG [django.db.backends.schema:94] CREATE TABLE "auth_user_groups" ("id" serial NOT NULL PRIMARY KEY, "user_id" integer NOT NULL, "group_id" integer NOT NULL, UNIQUE ("user_id", "group_id")); (params [])
[20/Feb/2015 16:12:19] DEBUG [django.db.backends.schema:94] CREATE TABLE "auth_user_user_permissions" ("id" serial NOT NULL PRIMARY KEY, "user_id" integer NOT NULL, "permission_id" integer NOT NULL, UNIQUE ("user_id", "permission_id")); (params [])
[20/Feb/2015 16:12:19] DEBUG [django.db.backends.schema:94] CREATE INDEX auth_permission_417f1b1c ON "auth_permission" ("content_type_id"); (params [])
[20/Feb/2015 16:12:19] DEBUG [django.db.backends.schema:94] ALTER TABLE "auth_permission" ADD CONSTRAINT "auth_content_type_id_508cf46651277a81_fk_django_content_type_id" FOREIGN KEY ("content_type_id") REFERENCES "django_content_type" ("id") DEFERRABLE INITIALLY DEFERRED; (params [])
[20/Feb/2015 16:12:19] DEBUG [django.db.backends.schema:94] CREATE INDEX auth_group_permissions_0e939a4f ON "auth_group_permissions" ("group_id"); (params [])
[20/Feb/2015 16:12:19] DEBUG [django.db.backends.schema:94] ALTER TABLE "auth_group_permissions" ADD CONSTRAINT "auth_group_permissio_group_id_689710a9a73b7457_fk_auth_group_id" FOREIGN KEY ("group_id") REFERENCES "auth_group" ("id") DEFERRABLE INITIALLY DEFERRED; (params [])
[20/Feb/2015 16:12:19] DEBUG [django.db.backends.schema:94] CREATE INDEX auth_group_permissions_8373b171 ON "auth_group_permissions" ("permission_id"); (params [])
[20/Feb/2015 16:12:19] DEBUG [django.db.backends.schema:94] ALTER TABLE "auth_group_permissions" ADD CONSTRAINT "auth_group_permission_id_1f49ccbbdc69d2fc_fk_auth_permission_id" FOREIGN KEY ("permission_id") REFERENCES "auth_permission" ("id") DEFERRABLE INITIALLY DEFERRED; (params [])
[20/Feb/2015 16:12:19] DEBUG [django.db.backends.schema:94] CREATE INDEX auth_user_groups_e8701ad4 ON "auth_user_groups" ("user_id"); (params [])
[20/Feb/2015 16:12:19] DEBUG [django.db.backends.schema:94] ALTER TABLE "auth_user_groups" ADD CONSTRAINT "auth_user_groups_user_id_4b5ed4ffdb8fd9b0_fk_auth_user_id" FOREIGN KEY ("user_id") REFERENCES "auth_user" ("id") DEFERRABLE INITIALLY DEFERRED; (params [])
[20/Feb/2015 16:12:19] DEBUG [django.db.backends.schema:94] CREATE INDEX auth_user_groups_0e939a4f ON "auth_user_groups" ("group_id"); (params [])
[20/Feb/2015 16:12:19] DEBUG [django.db.backends.schema:94] ALTER TABLE "auth_user_groups" ADD CONSTRAINT "auth_user_groups_group_id_33ac548dcf5f8e37_fk_auth_group_id" FOREIGN KEY ("group_id") REFERENCES "auth_group" ("id") DEFERRABLE INITIALLY DEFERRED; (params [])
[20/Feb/2015 16:12:19] DEBUG [django.db.backends.schema:94] CREATE INDEX auth_user_user_permissions_e8701ad4 ON "auth_user_user_permissions" ("user_id"); (params [])
[20/Feb/2015 16:12:19] DEBUG [django.db.backends.schema:94] ALTER TABLE "auth_user_user_permissions" ADD CONSTRAINT "auth_user_user_permiss_user_id_7f0938558328534a_fk_auth_user_id" FOREIGN KEY ("user_id") REFERENCES "auth_user" ("id") DEFERRABLE INITIALLY DEFERRED; (params [])
[20/Feb/2015 16:12:19] DEBUG [django.db.backends.schema:94] CREATE INDEX auth_user_user_permissions_8373b171 ON "auth_user_user_permissions" ("permission_id"); (params [])
[20/Feb/2015 16:12:19] DEBUG [django.db.backends.schema:94] ALTER TABLE "auth_user_user_permissions" ADD CONSTRAINT "auth_user__permission_id_384b62483d7071f0_fk_auth_permission_id" FOREIGN KEY ("permission_id") REFERENCES "auth_permission" ("id") DEFERRABLE INITIALLY DEFERRED; (params [])
[20/Feb/2015 16:12:19] DEBUG [django.db.backends.schema:94] CREATE TABLE "django_admin_log" ("id" serial NOT NULL PRIMARY KEY, "action_time" timestamp with time zone NOT NULL, "object_id" text NULL, "object_repr" varchar(200) NOT NULL, "action_flag" smallint NOT NULL CHECK ("action_flag" >= 0), "change_message" text NOT NULL, "content_type_id" integer NULL, "user_id" integer NOT NULL); (params [])
[20/Feb/2015 16:12:19] DEBUG [django.db.backends.schema:94] CREATE INDEX django_admin_log_417f1b1c ON "django_admin_log" ("content_type_id"); (params [])
[20/Feb/2015 16:12:19] DEBUG [django.db.backends.schema:94] ALTER TABLE "django_admin_log" ADD CONSTRAINT "djan_content_type_id_697914295151027a_fk_django_content_type_id" FOREIGN KEY ("content_type_id") REFERENCES "django_content_type" ("id") DEFERRABLE INITIALLY DEFERRED; (params [])
[20/Feb/2015 16:12:19] DEBUG [django.db.backends.schema:94] CREATE INDEX django_admin_log_e8701ad4 ON "django_admin_log" ("user_id"); (params [])
[20/Feb/2015 16:12:19] DEBUG [django.db.backends.schema:94] ALTER TABLE "django_admin_log" ADD CONSTRAINT "django_admin_log_user_id_52fdd58701c5f563_fk_auth_user_id" FOREIGN KEY ("user_id") REFERENCES "auth_user" ("id") DEFERRABLE INITIALLY DEFERRED; (params [])
[20/Feb/2015 16:12:19] DEBUG [django.db.backends.schema:94] CREATE TABLE "django_session" ("session_key" varchar(40) NOT NULL PRIMARY KEY, "session_data" text NOT NULL, "expire_date" timestamp with time zone NOT NULL); (params [])
[20/Feb/2015 16:12:19] DEBUG [django.db.backends.schema:94] CREATE INDEX django_session_de54fa62 ON "django_session" ("expire_date"); (params [])
[20/Feb/2015 16:12:19] DEBUG [django.db.backends.schema:94] CREATE TABLE "django_site" ("id" serial NOT NULL PRIMARY KEY, "domain" varchar(100) NOT NULL, "name" varchar(50) NOT NULL); (params [])
[24/Feb/2015 10:01:49] DEBUG [django.db.backends:91] (0.122) 
            SELECT c.relname
            FROM pg_catalog.pg_class c
            LEFT JOIN pg_catalog.pg_namespace n ON n.oid = c.relnamespace
            WHERE c.relkind IN ('r', 'v', '')
                AND n.nspname NOT IN ('pg_catalog', 'pg_toast')
                AND pg_catalog.pg_table_is_visible(c.oid); args=None
[24/Feb/2015 10:01:49] DEBUG [django.db.backends:91] (0.007) SELECT "django_migrations"."app", "django_migrations"."name" FROM "django_migrations"; args=()
[24/Feb/2015 10:02:51] DEBUG [repo:68] this is a debug message!
[24/Feb/2015 10:02:52] WARNING [django.request:143] Not Found: /assets/ico/favicon.png
[24/Feb/2015 10:03:00] DEBUG [django.db.backends:91] (0.029) INSERT INTO "molecule_file" ("molecule_file") VALUES ('molecule_file/2015/02/24/structures_10.sdf') RETURNING "molecule_file"."id"; args=(u'molecule_file/2015/02/24/structures_10.sdf',)
[24/Feb/2015 10:03:00] DEBUG [repo:15] TESTING LOGGING FROM CELERY
[24/Feb/2015 10:03:01] WARNING [django.request:143] Not Found: /favicon.ico
[24/Feb/2015 10:03:01] WARNING [django.request:143] Not Found: /favicon.ico
[24/Feb/2015 10:03:28] DEBUG [django.db.backends:91] (0.012) 
            SELECT c.relname
            FROM pg_catalog.pg_class c
            LEFT JOIN pg_catalog.pg_namespace n ON n.oid = c.relnamespace
            WHERE c.relkind IN ('r', 'v', '')
                AND n.nspname NOT IN ('pg_catalog', 'pg_toast')
                AND pg_catalog.pg_table_is_visible(c.oid); args=None
[24/Feb/2015 10:03:28] DEBUG [django.db.backends:91] (0.002) SELECT "django_migrations"."app", "django_migrations"."name" FROM "django_migrations"; args=()
[24/Feb/2015 10:03:32] DEBUG [repo:68] this is a debug message!
[24/Feb/2015 10:05:08] DEBUG [django.db.backends:91] (0.006) INSERT INTO "molecule_file" ("molecule_file") VALUES ('molecule_file/2015/02/24/structures_10_UqctnAx.sdf') RETURNING "molecule_file"."id"; args=(u'molecule_file/2015/02/24/structures_10_UqctnAx.sdf',)
[24/Feb/2015 10:05:10] DEBUG [repo:15] TESTING LOGGING FROM CELERY
[24/Feb/2015 10:05:50] DEBUG [repo:19] None
[24/Feb/2015 10:05:50] DEBUG [repo:20] /private/tmp/Rserv/conn9015
[24/Feb/2015 10:06:22] DEBUG [django.db.backends:91] (0.010) 
            SELECT c.relname
            FROM pg_catalog.pg_class c
            LEFT JOIN pg_catalog.pg_namespace n ON n.oid = c.relnamespace
            WHERE c.relkind IN ('r', 'v', '')
                AND n.nspname NOT IN ('pg_catalog', 'pg_toast')
                AND pg_catalog.pg_table_is_visible(c.oid); args=None
[24/Feb/2015 10:06:22] DEBUG [django.db.backends:91] (0.001) SELECT "django_migrations"."app", "django_migrations"."name" FROM "django_migrations"; args=()
[24/Feb/2015 11:28:43] DEBUG [django.db.backends:91] (0.100) 
            SELECT c.relname
            FROM pg_catalog.pg_class c
            LEFT JOIN pg_catalog.pg_namespace n ON n.oid = c.relnamespace
            WHERE c.relkind IN ('r', 'v', '')
                AND n.nspname NOT IN ('pg_catalog', 'pg_toast')
                AND pg_catalog.pg_table_is_visible(c.oid); args=None
[24/Feb/2015 11:28:43] DEBUG [django.db.backends:91] (0.014) SELECT "django_migrations"."app", "django_migrations"."name" FROM "django_migrations"; args=()
[24/Feb/2015 11:29:29] DEBUG [django.db.backends:91] (0.015) 
            SELECT c.relname
            FROM pg_catalog.pg_class c
            LEFT JOIN pg_catalog.pg_namespace n ON n.oid = c.relnamespace
            WHERE c.relkind IN ('r', 'v', '')
                AND n.nspname NOT IN ('pg_catalog', 'pg_toast')
                AND pg_catalog.pg_table_is_visible(c.oid); args=None
[24/Feb/2015 11:29:29] DEBUG [django.db.backends:91] (0.001) SELECT "django_migrations"."app", "django_migrations"."name" FROM "django_migrations"; args=()
[24/Feb/2015 11:29:45] DEBUG [django.db.backends:91] (0.013) 
            SELECT c.relname
            FROM pg_catalog.pg_class c
            LEFT JOIN pg_catalog.pg_namespace n ON n.oid = c.relnamespace
            WHERE c.relkind IN ('r', 'v', '')
                AND n.nspname NOT IN ('pg_catalog', 'pg_toast')
                AND pg_catalog.pg_table_is_visible(c.oid); args=None
[24/Feb/2015 11:29:45] DEBUG [django.db.backends:91] (0.002) SELECT "django_migrations"."app", "django_migrations"."name" FROM "django_migrations"; args=()
[24/Feb/2015 11:31:33] DEBUG [repo:71] this is a debug message!
[24/Feb/2015 11:33:07] DEBUG [django.db.backends:91] (0.008) 
            SELECT c.relname
            FROM pg_catalog.pg_class c
            LEFT JOIN pg_catalog.pg_namespace n ON n.oid = c.relnamespace
            WHERE c.relkind IN ('r', 'v', '')
                AND n.nspname NOT IN ('pg_catalog', 'pg_toast')
                AND pg_catalog.pg_table_is_visible(c.oid); args=None
[24/Feb/2015 11:33:07] DEBUG [django.db.backends:91] (0.003) SELECT "django_migrations"."app", "django_migrations"."name" FROM "django_migrations"; args=()
[25/Feb/2015 06:15:29] DEBUG [django.db.backends:91] (0.371) 
            SELECT c.relname
            FROM pg_catalog.pg_class c
            LEFT JOIN pg_catalog.pg_namespace n ON n.oid = c.relnamespace
            WHERE c.relkind IN ('r', 'v', '')
                AND n.nspname NOT IN ('pg_catalog', 'pg_toast')
                AND pg_catalog.pg_table_is_visible(c.oid); args=None
[25/Feb/2015 06:15:29] DEBUG [django.db.backends:91] (0.025) SELECT "django_migrations"."app", "django_migrations"."name" FROM "django_migrations"; args=()
[25/Feb/2015 06:15:52] DEBUG [repo:72] this is a debug message!
[25/Feb/2015 06:16:48] DEBUG [django.db.backends:91] (0.009) 
            SELECT c.relname
            FROM pg_catalog.pg_class c
            LEFT JOIN pg_catalog.pg_namespace n ON n.oid = c.relnamespace
            WHERE c.relkind IN ('r', 'v', '')
                AND n.nspname NOT IN ('pg_catalog', 'pg_toast')
                AND pg_catalog.pg_table_is_visible(c.oid); args=None
[25/Feb/2015 06:16:48] DEBUG [django.db.backends:91] (0.001) SELECT "django_migrations"."app", "django_migrations"."name" FROM "django_migrations"; args=()
[25/Feb/2015 06:18:23] DEBUG [django.db.backends:91] (0.054) INSERT INTO "molecule_file" ("molecule_file") VALUES ('molecule_file/2015/02/25/structures_10.sdf') RETURNING "molecule_file"."id"; args=(u'molecule_file/2015/02/25/structures_10.sdf',)
[25/Feb/2015 06:18:23] DEBUG [repo:16] TESTING LOGGING FROM CELERY
[25/Feb/2015 06:19:16] DEBUG [repo:20] None
[25/Feb/2015 06:19:16] DEBUG [repo:21] /private/tmp/Rserv/conn26797
[25/Feb/2015 06:24:08] DEBUG [django.db.backends:91] (0.011) 
            SELECT c.relname
            FROM pg_catalog.pg_class c
            LEFT JOIN pg_catalog.pg_namespace n ON n.oid = c.relnamespace
            WHERE c.relkind IN ('r', 'v', '')
                AND n.nspname NOT IN ('pg_catalog', 'pg_toast')
                AND pg_catalog.pg_table_is_visible(c.oid); args=None
[25/Feb/2015 06:24:08] DEBUG [django.db.backends:91] (0.001) SELECT "django_migrations"."app", "django_migrations"."name" FROM "django_migrations"; args=()
[25/Feb/2015 06:24:45] DEBUG [repo:72] this is a debug message!
[25/Feb/2015 06:24:56] DEBUG [django.db.backends:91] (0.003) INSERT INTO "molecule_file" ("molecule_file") VALUES ('molecule_file/2015/02/25/structures_10_7m6NDm7.sdf') RETURNING "molecule_file"."id"; args=(u'molecule_file/2015/02/25/structures_10_7m6NDm7.sdf',)
[25/Feb/2015 06:24:57] DEBUG [repo:16] TESTING LOGGING FROM CELERY
[25/Feb/2015 06:25:35] DEBUG [repo:20] None
[25/Feb/2015 06:25:35] DEBUG [repo:21] /private/tmp/Rserv/conn27307
[25/Feb/2015 06:27:16] DEBUG [django.db.backends:91] (0.009) 
            SELECT c.relname
            FROM pg_catalog.pg_class c
            LEFT JOIN pg_catalog.pg_namespace n ON n.oid = c.relnamespace
            WHERE c.relkind IN ('r', 'v', '')
                AND n.nspname NOT IN ('pg_catalog', 'pg_toast')
                AND pg_catalog.pg_table_is_visible(c.oid); args=None
[25/Feb/2015 06:27:16] DEBUG [django.db.backends:91] (0.001) SELECT "django_migrations"."app", "django_migrations"."name" FROM "django_migrations"; args=()
[25/Feb/2015 06:27:23] DEBUG [django.db.backends:91] (0.012) 
            SELECT c.relname
            FROM pg_catalog.pg_class c
            LEFT JOIN pg_catalog.pg_namespace n ON n.oid = c.relnamespace
            WHERE c.relkind IN ('r', 'v', '')
                AND n.nspname NOT IN ('pg_catalog', 'pg_toast')
                AND pg_catalog.pg_table_is_visible(c.oid); args=None
[25/Feb/2015 06:27:23] DEBUG [django.db.backends:91] (0.003) SELECT "django_migrations"."app", "django_migrations"."name" FROM "django_migrations"; args=()
[25/Feb/2015 06:27:36] DEBUG [repo:72] this is a debug message!
[25/Feb/2015 06:27:45] DEBUG [django.db.backends:91] (0.005) INSERT INTO "molecule_file" ("molecule_file") VALUES ('molecule_file/2015/02/25/structures_10_J6xLM6u.sdf') RETURNING "molecule_file"."id"; args=(u'molecule_file/2015/02/25/structures_10_J6xLM6u.sdf',)
[25/Feb/2015 06:27:45] DEBUG [repo:17] TESTING LOGGING FROM CELERY
[25/Feb/2015 06:30:24] DEBUG [django.db.backends:91] (0.010) 
            SELECT c.relname
            FROM pg_catalog.pg_class c
            LEFT JOIN pg_catalog.pg_namespace n ON n.oid = c.relnamespace
            WHERE c.relkind IN ('r', 'v', '')
                AND n.nspname NOT IN ('pg_catalog', 'pg_toast')
                AND pg_catalog.pg_table_is_visible(c.oid); args=None
[25/Feb/2015 06:30:24] DEBUG [django.db.backends:91] (0.001) SELECT "django_migrations"."app", "django_migrations"."name" FROM "django_migrations"; args=()
[25/Feb/2015 06:30:34] DEBUG [repo:72] this is a debug message!
[25/Feb/2015 06:30:43] DEBUG [django.db.backends:91] (0.003) INSERT INTO "molecule_file" ("molecule_file") VALUES ('molecule_file/2015/02/25/structures_10_Y6z71Zn.sdf') RETURNING "molecule_file"."id"; args=(u'molecule_file/2015/02/25/structures_10_Y6z71Zn.sdf',)
[25/Feb/2015 06:30:43] DEBUG [repo:17] TESTING LOGGING FROM CELERY
[25/Feb/2015 06:31:18] DEBUG [repo:21] None
[25/Feb/2015 06:31:19] DEBUG [repo:22] /private/tmp/Rserv/conn27884
[25/Feb/2015 06:32:51] DEBUG [django.db.backends.schema:94] CREATE TABLE "django_migrations" ("id" serial NOT NULL PRIMARY KEY, "app" varchar(255) NOT NULL, "name" varchar(255) NOT NULL, "applied" timestamp with time zone NOT NULL); (params [])
[25/Feb/2015 06:32:51] DEBUG [django.db.backends.schema:94] CREATE TABLE "django_content_type" ("id" serial NOT NULL PRIMARY KEY, "name" varchar(100) NOT NULL, "app_label" varchar(100) NOT NULL, "model" varchar(100) NOT NULL); (params [])
[25/Feb/2015 06:32:51] DEBUG [django.db.backends.schema:94] ALTER TABLE "django_content_type" ADD CONSTRAINT "django_content_type_app_label_45f3b1d93ec8c61c_uniq" UNIQUE ("app_label", "model"); (params [])
[25/Feb/2015 06:32:51] DEBUG [django.db.backends.schema:94] CREATE TABLE "auth_permission" ("id" serial NOT NULL PRIMARY KEY, "name" varchar(50) NOT NULL, "content_type_id" integer NOT NULL, "codename" varchar(100) NOT NULL, UNIQUE ("content_type_id", "codename")); (params [])
[25/Feb/2015 06:32:51] DEBUG [django.db.backends.schema:94] CREATE TABLE "auth_group" ("id" serial NOT NULL PRIMARY KEY, "name" varchar(80) NOT NULL UNIQUE); (params [])
[25/Feb/2015 06:32:51] DEBUG [django.db.backends.schema:94] CREATE TABLE "auth_group_permissions" ("id" serial NOT NULL PRIMARY KEY, "group_id" integer NOT NULL, "permission_id" integer NOT NULL, UNIQUE ("group_id", "permission_id")); (params [])
[25/Feb/2015 06:32:51] DEBUG [django.db.backends.schema:94] CREATE TABLE "auth_user" ("id" serial NOT NULL PRIMARY KEY, "password" varchar(128) NOT NULL, "last_login" timestamp with time zone NOT NULL, "is_superuser" boolean NOT NULL, "username" varchar(30) NOT NULL UNIQUE, "first_name" varchar(30) NOT NULL, "last_name" varchar(30) NOT NULL, "email" varchar(75) NOT NULL, "is_staff" boolean NOT NULL, "is_active" boolean NOT NULL, "date_joined" timestamp with time zone NOT NULL); (params [])
[25/Feb/2015 06:32:51] DEBUG [django.db.backends.schema:94] CREATE TABLE "auth_user_groups" ("id" serial NOT NULL PRIMARY KEY, "user_id" integer NOT NULL, "group_id" integer NOT NULL, UNIQUE ("user_id", "group_id")); (params [])
[25/Feb/2015 06:32:51] DEBUG [django.db.backends.schema:94] CREATE TABLE "auth_user_user_permissions" ("id" serial NOT NULL PRIMARY KEY, "user_id" integer NOT NULL, "permission_id" integer NOT NULL, UNIQUE ("user_id", "permission_id")); (params [])
[25/Feb/2015 06:32:51] DEBUG [django.db.backends.schema:94] CREATE INDEX auth_permission_417f1b1c ON "auth_permission" ("content_type_id"); (params [])
[25/Feb/2015 06:32:51] DEBUG [django.db.backends.schema:94] ALTER TABLE "auth_permission" ADD CONSTRAINT "auth_content_type_id_508cf46651277a81_fk_django_content_type_id" FOREIGN KEY ("content_type_id") REFERENCES "django_content_type" ("id") DEFERRABLE INITIALLY DEFERRED; (params [])
[25/Feb/2015 06:32:51] DEBUG [django.db.backends.schema:94] CREATE INDEX auth_group_permissions_0e939a4f ON "auth_group_permissions" ("group_id"); (params [])
[25/Feb/2015 06:32:51] DEBUG [django.db.backends.schema:94] ALTER TABLE "auth_group_permissions" ADD CONSTRAINT "auth_group_permissio_group_id_689710a9a73b7457_fk_auth_group_id" FOREIGN KEY ("group_id") REFERENCES "auth_group" ("id") DEFERRABLE INITIALLY DEFERRED; (params [])
[25/Feb/2015 06:32:51] DEBUG [django.db.backends.schema:94] CREATE INDEX auth_group_permissions_8373b171 ON "auth_group_permissions" ("permission_id"); (params [])
[25/Feb/2015 06:32:51] DEBUG [django.db.backends.schema:94] ALTER TABLE "auth_group_permissions" ADD CONSTRAINT "auth_group_permission_id_1f49ccbbdc69d2fc_fk_auth_permission_id" FOREIGN KEY ("permission_id") REFERENCES "auth_permission" ("id") DEFERRABLE INITIALLY DEFERRED; (params [])
[25/Feb/2015 06:32:51] DEBUG [django.db.backends.schema:94] CREATE INDEX auth_user_groups_e8701ad4 ON "auth_user_groups" ("user_id"); (params [])
[25/Feb/2015 06:32:51] DEBUG [django.db.backends.schema:94] ALTER TABLE "auth_user_groups" ADD CONSTRAINT "auth_user_groups_user_id_4b5ed4ffdb8fd9b0_fk_auth_user_id" FOREIGN KEY ("user_id") REFERENCES "auth_user" ("id") DEFERRABLE INITIALLY DEFERRED; (params [])
[25/Feb/2015 06:32:51] DEBUG [django.db.backends.schema:94] CREATE INDEX auth_user_groups_0e939a4f ON "auth_user_groups" ("group_id"); (params [])
[25/Feb/2015 06:32:51] DEBUG [django.db.backends.schema:94] ALTER TABLE "auth_user_groups" ADD CONSTRAINT "auth_user_groups_group_id_33ac548dcf5f8e37_fk_auth_group_id" FOREIGN KEY ("group_id") REFERENCES "auth_group" ("id") DEFERRABLE INITIALLY DEFERRED; (params [])
[25/Feb/2015 06:32:51] DEBUG [django.db.backends.schema:94] CREATE INDEX auth_user_user_permissions_e8701ad4 ON "auth_user_user_permissions" ("user_id"); (params [])
[25/Feb/2015 06:32:51] DEBUG [django.db.backends.schema:94] ALTER TABLE "auth_user_user_permissions" ADD CONSTRAINT "auth_user_user_permiss_user_id_7f0938558328534a_fk_auth_user_id" FOREIGN KEY ("user_id") REFERENCES "auth_user" ("id") DEFERRABLE INITIALLY DEFERRED; (params [])
[25/Feb/2015 06:32:51] DEBUG [django.db.backends.schema:94] CREATE INDEX auth_user_user_permissions_8373b171 ON "auth_user_user_permissions" ("permission_id"); (params [])
[25/Feb/2015 06:32:51] DEBUG [django.db.backends.schema:94] ALTER TABLE "auth_user_user_permissions" ADD CONSTRAINT "auth_user__permission_id_384b62483d7071f0_fk_auth_permission_id" FOREIGN KEY ("permission_id") REFERENCES "auth_permission" ("id") DEFERRABLE INITIALLY DEFERRED; (params [])
[25/Feb/2015 06:32:51] DEBUG [django.db.backends.schema:94] CREATE TABLE "django_admin_log" ("id" serial NOT NULL PRIMARY KEY, "action_time" timestamp with time zone NOT NULL, "object_id" text NULL, "object_repr" varchar(200) NOT NULL, "action_flag" smallint NOT NULL CHECK ("action_flag" >= 0), "change_message" text NOT NULL, "content_type_id" integer NULL, "user_id" integer NOT NULL); (params [])
[25/Feb/2015 06:32:51] DEBUG [django.db.backends.schema:94] CREATE INDEX django_admin_log_417f1b1c ON "django_admin_log" ("content_type_id"); (params [])
[25/Feb/2015 06:32:51] DEBUG [django.db.backends.schema:94] ALTER TABLE "django_admin_log" ADD CONSTRAINT "djan_content_type_id_697914295151027a_fk_django_content_type_id" FOREIGN KEY ("content_type_id") REFERENCES "django_content_type" ("id") DEFERRABLE INITIALLY DEFERRED; (params [])
[25/Feb/2015 06:32:51] DEBUG [django.db.backends.schema:94] CREATE INDEX django_admin_log_e8701ad4 ON "django_admin_log" ("user_id"); (params [])
[25/Feb/2015 06:32:51] DEBUG [django.db.backends.schema:94] ALTER TABLE "django_admin_log" ADD CONSTRAINT "django_admin_log_user_id_52fdd58701c5f563_fk_auth_user_id" FOREIGN KEY ("user_id") REFERENCES "auth_user" ("id") DEFERRABLE INITIALLY DEFERRED; (params [])
[25/Feb/2015 06:32:51] DEBUG [django.db.backends.schema:94] CREATE TABLE "django_session" ("session_key" varchar(40) NOT NULL PRIMARY KEY, "session_data" text NOT NULL, "expire_date" timestamp with time zone NOT NULL); (params [])
[25/Feb/2015 06:32:51] DEBUG [django.db.backends.schema:94] CREATE INDEX django_session_de54fa62 ON "django_session" ("expire_date"); (params [])
[25/Feb/2015 06:32:52] DEBUG [django.db.backends.schema:94] CREATE TABLE "django_site" ("id" serial NOT NULL PRIMARY KEY, "domain" varchar(100) NOT NULL, "name" varchar(50) NOT NULL); (params [])
[25/Feb/2015 06:33:44] DEBUG [django.db.backends.schema:94] CREATE TABLE "django_migrations" ("id" serial NOT NULL PRIMARY KEY, "app" varchar(255) NOT NULL, "name" varchar(255) NOT NULL, "applied" timestamp with time zone NOT NULL); (params [])
[25/Feb/2015 06:33:45] DEBUG [django.db.backends.schema:94] CREATE TABLE "django_content_type" ("id" serial NOT NULL PRIMARY KEY, "name" varchar(100) NOT NULL, "app_label" varchar(100) NOT NULL, "model" varchar(100) NOT NULL); (params [])
[25/Feb/2015 06:33:45] DEBUG [django.db.backends.schema:94] ALTER TABLE "django_content_type" ADD CONSTRAINT "django_content_type_app_label_45f3b1d93ec8c61c_uniq" UNIQUE ("app_label", "model"); (params [])
[25/Feb/2015 06:33:45] DEBUG [django.db.backends.schema:94] CREATE TABLE "auth_permission" ("id" serial NOT NULL PRIMARY KEY, "name" varchar(50) NOT NULL, "content_type_id" integer NOT NULL, "codename" varchar(100) NOT NULL, UNIQUE ("content_type_id", "codename")); (params [])
[25/Feb/2015 06:33:45] DEBUG [django.db.backends.schema:94] CREATE TABLE "auth_group" ("id" serial NOT NULL PRIMARY KEY, "name" varchar(80) NOT NULL UNIQUE); (params [])
[25/Feb/2015 06:33:45] DEBUG [django.db.backends.schema:94] CREATE TABLE "auth_group_permissions" ("id" serial NOT NULL PRIMARY KEY, "group_id" integer NOT NULL, "permission_id" integer NOT NULL, UNIQUE ("group_id", "permission_id")); (params [])
[25/Feb/2015 06:33:45] DEBUG [django.db.backends.schema:94] CREATE TABLE "auth_user" ("id" serial NOT NULL PRIMARY KEY, "password" varchar(128) NOT NULL, "last_login" timestamp with time zone NOT NULL, "is_superuser" boolean NOT NULL, "username" varchar(30) NOT NULL UNIQUE, "first_name" varchar(30) NOT NULL, "last_name" varchar(30) NOT NULL, "email" varchar(75) NOT NULL, "is_staff" boolean NOT NULL, "is_active" boolean NOT NULL, "date_joined" timestamp with time zone NOT NULL); (params [])
[25/Feb/2015 06:33:45] DEBUG [django.db.backends.schema:94] CREATE TABLE "auth_user_groups" ("id" serial NOT NULL PRIMARY KEY, "user_id" integer NOT NULL, "group_id" integer NOT NULL, UNIQUE ("user_id", "group_id")); (params [])
[25/Feb/2015 06:33:45] DEBUG [django.db.backends.schema:94] CREATE TABLE "auth_user_user_permissions" ("id" serial NOT NULL PRIMARY KEY, "user_id" integer NOT NULL, "permission_id" integer NOT NULL, UNIQUE ("user_id", "permission_id")); (params [])
[25/Feb/2015 06:33:45] DEBUG [django.db.backends.schema:94] CREATE INDEX auth_permission_417f1b1c ON "auth_permission" ("content_type_id"); (params [])
[25/Feb/2015 06:33:45] DEBUG [django.db.backends.schema:94] ALTER TABLE "auth_permission" ADD CONSTRAINT "auth_content_type_id_508cf46651277a81_fk_django_content_type_id" FOREIGN KEY ("content_type_id") REFERENCES "django_content_type" ("id") DEFERRABLE INITIALLY DEFERRED; (params [])
[25/Feb/2015 06:33:45] DEBUG [django.db.backends.schema:94] CREATE INDEX auth_group_permissions_0e939a4f ON "auth_group_permissions" ("group_id"); (params [])
[25/Feb/2015 06:33:45] DEBUG [django.db.backends.schema:94] ALTER TABLE "auth_group_permissions" ADD CONSTRAINT "auth_group_permissio_group_id_689710a9a73b7457_fk_auth_group_id" FOREIGN KEY ("group_id") REFERENCES "auth_group" ("id") DEFERRABLE INITIALLY DEFERRED; (params [])
[25/Feb/2015 06:33:45] DEBUG [django.db.backends.schema:94] CREATE INDEX auth_group_permissions_8373b171 ON "auth_group_permissions" ("permission_id"); (params [])
[25/Feb/2015 06:33:45] DEBUG [django.db.backends.schema:94] ALTER TABLE "auth_group_permissions" ADD CONSTRAINT "auth_group_permission_id_1f49ccbbdc69d2fc_fk_auth_permission_id" FOREIGN KEY ("permission_id") REFERENCES "auth_permission" ("id") DEFERRABLE INITIALLY DEFERRED; (params [])
[25/Feb/2015 06:33:45] DEBUG [django.db.backends.schema:94] CREATE INDEX auth_user_groups_e8701ad4 ON "auth_user_groups" ("user_id"); (params [])
[25/Feb/2015 06:33:45] DEBUG [django.db.backends.schema:94] ALTER TABLE "auth_user_groups" ADD CONSTRAINT "auth_user_groups_user_id_4b5ed4ffdb8fd9b0_fk_auth_user_id" FOREIGN KEY ("user_id") REFERENCES "auth_user" ("id") DEFERRABLE INITIALLY DEFERRED; (params [])
[25/Feb/2015 06:33:45] DEBUG [django.db.backends.schema:94] CREATE INDEX auth_user_groups_0e939a4f ON "auth_user_groups" ("group_id"); (params [])
[25/Feb/2015 06:33:45] DEBUG [django.db.backends.schema:94] ALTER TABLE "auth_user_groups" ADD CONSTRAINT "auth_user_groups_group_id_33ac548dcf5f8e37_fk_auth_group_id" FOREIGN KEY ("group_id") REFERENCES "auth_group" ("id") DEFERRABLE INITIALLY DEFERRED; (params [])
[25/Feb/2015 06:33:45] DEBUG [django.db.backends.schema:94] CREATE INDEX auth_user_user_permissions_e8701ad4 ON "auth_user_user_permissions" ("user_id"); (params [])
[25/Feb/2015 06:33:45] DEBUG [django.db.backends.schema:94] ALTER TABLE "auth_user_user_permissions" ADD CONSTRAINT "auth_user_user_permiss_user_id_7f0938558328534a_fk_auth_user_id" FOREIGN KEY ("user_id") REFERENCES "auth_user" ("id") DEFERRABLE INITIALLY DEFERRED; (params [])
[25/Feb/2015 06:33:45] DEBUG [django.db.backends.schema:94] CREATE INDEX auth_user_user_permissions_8373b171 ON "auth_user_user_permissions" ("permission_id"); (params [])
[25/Feb/2015 06:33:45] DEBUG [django.db.backends.schema:94] ALTER TABLE "auth_user_user_permissions" ADD CONSTRAINT "auth_user__permission_id_384b62483d7071f0_fk_auth_permission_id" FOREIGN KEY ("permission_id") REFERENCES "auth_permission" ("id") DEFERRABLE INITIALLY DEFERRED; (params [])
[25/Feb/2015 06:33:45] DEBUG [django.db.backends.schema:94] CREATE TABLE "django_admin_log" ("id" serial NOT NULL PRIMARY KEY, "action_time" timestamp with time zone NOT NULL, "object_id" text NULL, "object_repr" varchar(200) NOT NULL, "action_flag" smallint NOT NULL CHECK ("action_flag" >= 0), "change_message" text NOT NULL, "content_type_id" integer NULL, "user_id" integer NOT NULL); (params [])
[25/Feb/2015 06:33:45] DEBUG [django.db.backends.schema:94] CREATE INDEX django_admin_log_417f1b1c ON "django_admin_log" ("content_type_id"); (params [])
[25/Feb/2015 06:33:45] DEBUG [django.db.backends.schema:94] ALTER TABLE "django_admin_log" ADD CONSTRAINT "djan_content_type_id_697914295151027a_fk_django_content_type_id" FOREIGN KEY ("content_type_id") REFERENCES "django_content_type" ("id") DEFERRABLE INITIALLY DEFERRED; (params [])
[25/Feb/2015 06:33:45] DEBUG [django.db.backends.schema:94] CREATE INDEX django_admin_log_e8701ad4 ON "django_admin_log" ("user_id"); (params [])
[25/Feb/2015 06:33:45] DEBUG [django.db.backends.schema:94] ALTER TABLE "django_admin_log" ADD CONSTRAINT "django_admin_log_user_id_52fdd58701c5f563_fk_auth_user_id" FOREIGN KEY ("user_id") REFERENCES "auth_user" ("id") DEFERRABLE INITIALLY DEFERRED; (params [])
[25/Feb/2015 06:33:45] DEBUG [django.db.backends.schema:94] CREATE TABLE "django_session" ("session_key" varchar(40) NOT NULL PRIMARY KEY, "session_data" text NOT NULL, "expire_date" timestamp with time zone NOT NULL); (params [])
[25/Feb/2015 06:33:45] DEBUG [django.db.backends.schema:94] CREATE INDEX django_session_de54fa62 ON "django_session" ("expire_date"); (params [])
[25/Feb/2015 06:33:45] DEBUG [django.db.backends.schema:94] CREATE TABLE "django_site" ("id" serial NOT NULL PRIMARY KEY, "domain" varchar(100) NOT NULL, "name" varchar(50) NOT NULL); (params [])
